[07-23-2018 21:02:40] TPS: 20.0
Memory free: 572.10/960.00 (59.59%)
Players online: 0/20
Total chunks loaded: 512
Total entities: 144

[07-23-2018 21:07:40] TPS: 20.0
Memory free: 553.63/960.00 (57.67%)
Players online: 1/20
Total chunks loaded: 707
Total entities: 172

[07-23-2018 21:12:40] TPS: 20.0
Memory free: 558.68/960.00 (58.20%)
Players online: 0/20
Total chunks loaded: 512
Total entities: 149

[07-23-2018 21:17:40] TPS: 20.0
Memory free: 555.58/960.00 (57.87%)
Players online: 0/20
Total chunks loaded: 516
Total entities: 150

[07-23-2018 21:22:41] TPS: 20.0
Memory free: 550.54/960.00 (57.35%)
Players online: 0/20
Total chunks loaded: 512
Total entities: 151

[07-23-2018 21:27:41] TPS: 20.0
Memory free: 546.45/960.00 (56.92%)
Players online: 0/20
Total chunks loaded: 520
Total entities: 151

[07-23-2018 21:32:41] TPS: 20.0
Memory free: 555.33/960.00 (57.85%)
Players online: 0/20
Total chunks loaded: 520
Total entities: 150

[07-23-2018 21:37:41] TPS: 20.0
Memory free: 573.52/960.00 (59.74%)
Players online: 0/20
Total chunks loaded: 516
Total entities: 151

[07-23-2018 21:42:41] TPS: 20.0
Memory free: 553.27/960.00 (57.63%)
Players online: 0/20
Total chunks loaded: 512
Total entities: 150

[07-23-2018 21:47:42] TPS: 20.0
Memory free: 569.10/960.00 (59.28%)
Players online: 0/20
Total chunks loaded: 512
Total entities: 151

[07-23-2018 21:52:42] TPS: 20.0
Memory free: 547.91/960.00 (57.07%)
Players online: 0/20
Total chunks loaded: 516
Total entities: 149

[07-23-2018 21:57:42] TPS: 20.0
Memory free: 548.73/960.00 (57.16%)
Players online: 0/20
Total chunks loaded: 512
Total entities: 149

[07-23-2018 22:02:42] TPS: 20.0
Memory free: 548.15/960.00 (57.10%)
Players online: 0/20
Total chunks loaded: 512
Total entities: 149

[07-23-2018 22:07:42] TPS: 20.0
Memory free: 543.69/960.00 (56.63%)
Players online: 0/20
Total chunks loaded: 516
Total entities: 150

[07-23-2018 22:12:42] TPS: 20.0
Memory free: 559.17/960.00 (58.25%)
Players online: 0/20
Total chunks loaded: 512
Total entities: 149

[07-23-2018 22:17:43] TPS: 20.0
Memory free: 544.93/960.00 (56.76%)
Players online: 0/20
Total chunks loaded: 512
Total entities: 149

[07-23-2018 22:22:43] TPS: 20.0
Memory free: 546.19/960.00 (56.90%)
Players online: 0/20
Total chunks loaded: 512
Total entities: 150

[07-23-2018 22:27:43] TPS: 20.0
Memory free: 549.88/960.00 (57.28%)
Players online: 0/20
Total chunks loaded: 512
Total entities: 149

[07-23-2018 22:32:43] TPS: 20.0
Memory free: 548.66/960.00 (57.15%)
Players online: 0/20
Total chunks loaded: 512
Total entities: 150

[07-23-2018 22:37:43] TPS: 20.0
Memory free: 567.75/960.00 (59.14%)
Players online: 0/20
Total chunks loaded: 512
Total entities: 149

[07-23-2018 22:42:44] TPS: 20.0
Memory free: 556.25/960.00 (57.94%)
Players online: 0/20
Total chunks loaded: 512
Total entities: 149

[07-23-2018 22:47:44] TPS: 20.0
Memory free: 562.77/960.00 (58.62%)
Players online: 0/20
Total chunks loaded: 512
Total entities: 149

[07-23-2018 22:52:44] TPS: 20.0
Memory free: 540.51/960.00 (56.30%)
Players online: 0/20
Total chunks loaded: 512
Total entities: 151

[07-23-2018 22:57:44] TPS: 20.0
Memory free: 561.91/960.00 (58.53%)
Players online: 0/20
Total chunks loaded: 512
Total entities: 149

